4318
DEL 0
INS 2 C
INS 4 T
DEL 7
INS 9 T
DEL 10
SUB 12 G
INS 13 T
INS 14 A
SUB 16 G
SUB 18 G
SUB 20 A
DEL 24
SUB 27 A
DEL 28
SUB 30 A
DEL 31
DEL 33
SUB 35 G
DEL 36
INS 38 A
SUB 40 T
INS 43 G
SUB 44 T
SUB 45 T
DEL 46
SUB 52 T
SUB 55 G
SUB 56 G
SUB 58 C
INS 60 T
SUB 61 A
DEL 62
SUB 69 G
SUB 70 G
INS 72 C
DEL 75
INS 78 T
SUB 79 T
INS 80 G
SUB 81 A
SUB 82 C
SUB 87 T
SUB 88 T
SUB 89 G
INS 90 G
SUB 91 T
DEL 93
DEL 95
SUB 97 A
INS 99 G
SUB 100 C
INS 101 C
INS 101 G
INS 103 G
INS 104 T
SUB 105 T
INS 108 C
SUB 109 C
SUB 110 C
INS 111 C
SUB 112 C
SUB 113 G
SUB 115 G
DEL 118
SUB 120 T
DEL 121
SUB 124 G
SUB 127 T
SUB 131 G
SUB 132 G
SUB 133 T
SUB 134 C
INS 136 G
INS 136 G
INS 136 C
SUB 137 G
SUB 139 A
SUB 140 C
SUB 143 A
SUB 144 C
SUB 149 C
SUB 150 C
SUB 151 A
INS 156 T
SUB 157 C
INS 160 G
SUB 161 C
SUB 162 G
DEL 163
SUB 165 T
SUB 169 G
INS 170 A
SUB 171 G
SUB 176 A
INS 178 T
INS 178 G
INS 179 G
INS 179 T
INS 181 C
INS 181 T
INS 183 G
SUB 186 C
DEL 187
DEL 189
SUB 191 T
DEL 197
DEL 198
DEL 199
DEL 203
DEL 204
SUB 206 A
DEL 208
SUB 212 A
SUB 214 G
INS 215 C
SUB 219 G
DEL 220
DEL 222
SUB 225 A
INS 228 C
INS 228 C
INS 229 C
SUB 231 T
DEL 233
SUB 237 A
SUB 238 G
SUB 240 A
SUB 242 A
SUB 244 G
INS 245 T
INS 246 T
INS 246 T
INS 248 C
INS 250 C
INS 251 T
INS 251 C
SUB 254 A
INS 255 T
INS 256 T
INS 256 T
INS 259 A
DEL 260
SUB 263 T
INS 267 A
SUB 268 C
INS 271 G
DEL 272
SUB 275 T
SUB 277 C
SUB 280 G
SUB 282 G
INS 283 C
INS 284 G
DEL 286
SUB 288 C
SUB 289 G
DEL 293
DEL 294
SUB 298 A
SUB 301 T
SUB 302 C
INS 304 A
SUB 305 A
SUB 306 T
DEL 311
INS 315 A
SUB 317 G
SUB 319 G
SUB 320 A
SUB 321 A
INS 325 G
INS 325 T
SUB 328 A
SUB 329 T
INS 330 C
INS 330 C
SUB 331 T
INS 332 T
SUB 333 C
SUB 336 G
SUB 337 G
INS 338 G
SUB 340 G
SUB 342 A
INS 343 A
INS 345 T
DEL 346
INS 351 A
INS 354 A
INS 354 C
INS 356 T
INS 359 G
SUB 363 T
INS 365 T
INS 367 T
INS 371 A
INS 372 C
SUB 374 A
INS 375 C
INS 375 C
INS 375 A
INS 375 C
INS 376 C
SUB 379 C
INS 380 G
INS 380 G
SUB 381 A
INS 387 A
INS 387 T
INS 387 T
INS 387 T
INS 387 T
INS 387 A
INS 389 C
INS 390 A
INS 390 A
INS 390 G
INS 392 T
INS 392 C
INS 393 T
INS 394 T
SUB 396 C
INS 397 G
INS 397 T
INS 397 T
INS 397 G
INS 397 T
INS 397 T
SUB 400 C
SUB 401 C
INS 403 T
INS 405 A
INS 405 G
INS 407 G
SUB 409 A
INS 411 C
DEL 413
INS 415 T
SUB 416 A
INS 419 T
SUB 422 C
INS 423 G
INS 423 G
INS 424 C
INS 425 T
SUB 428 A
INS 430 C
INS 430 A
SUB 431 T
SUB 432 T
INS 438 G
INS 438 A
DEL 441
INS 446 T
INS 446 T
INS 446 T
INS 448 C
INS 448 C
INS 448 G
SUB 452 G
DEL 454
SUB 457 G
SUB 458 G
DEL 459
SUB 464 G
INS 465 C
INS 467 T
SUB 468 A
SUB 471 T
INS 472 A
DEL 473
DEL 476
INS 478 T
INS 479 A
SUB 481 A
INS 482 A
SUB 483 T
INS 484 A
SUB 486 C
DEL 488
SUB 491 G
DEL 494
INS 498 C
INS 499 A
SUB 500 A
SUB 502 G
SUB 504 G
INS 506 G
INS 506 G
INS 509 C
INS 510 C
INS 510 G
INS 510 T
INS 511 A
SUB 516 A
SUB 517 A
INS 518 C
INS 518 A
INS 520 A
SUB 521 G
SUB 524 T
SUB 525 G
DEL 526
DEL 527
SUB 531 G
DEL 533
INS 536 G
SUB 537 A
SUB 540 T
SUB 542 T
SUB 546 A
INS 548 A
INS 548 G
INS 548 T
INS 548 G
INS 551 A
INS 552 A
INS 555 G
INS 555 C
SUB 558 A
INS 559 A
INS 559 C
INS 559 C
SUB 562 G
SUB 564 T
SUB 565 C
INS 569 C
INS 569 C
SUB 570 C
SUB 573 G
INS 574 T
SUB 575 T
INS 577 T
INS 577 G
INS 577 T
INS 577 C
INS 578 G
INS 581 G
INS 583 C
INS 583 A
INS 584 T
INS 587 G
INS 589 A
INS 589 C
INS 591 G
SUB 592 G
SUB 593 C
SUB 595 C
SUB 596 C
SUB 599 C
INS 602 C
SUB 605 T
INS 606 T
INS 607 T
INS 607 T
SUB 608 T
SUB 609 T
INS 611 T
SUB 612 G
SUB 613 T
SUB 614 G
INS 616 C
SUB 619 A
SUB 621 T
DEL 623
SUB 625 C
SUB 626 T
SUB 627 T
INS 629 T
SUB 630 C
SUB 631 T
INS 633 T
INS 634 C
INS 634 C
INS 634 C
INS 637 G
SUB 638 C
SUB 640 T
INS 641 A
DEL 646
INS 650 G
SUB 651 G
DEL 652
INS 654 T
INS 656 G
INS 656 G
INS 656 G
INS 656 G
INS 656 G
INS 656 G
INS 656 A
INS 658 C
INS 658 C
SUB 660 G
SUB 663 G
SUB 664 G
SUB 666 G
SUB 667 G
INS 671 C
DEL 673
INS 676 A
INS 677 A
INS 678 G
INS 678 G
INS 681 G
INS 682 C
SUB 683 A
SUB 684 A
INS 685 A
SUB 686 T
INS 687 T
INS 687 T
INS 688 T
INS 692 C
INS 694 G
INS 694 C
SUB 697 G
INS 698 T
INS 699 C
INS 699 T
INS 699 T
INS 700 C
INS 700 T
DEL 707
INS 709 C
INS 711 T
INS 712 C
SUB 714 T
SUB 715 T
INS 716 C
INS 716 C
INS 716 T
INS 716 G
INS 716 T
INS 716 G
INS 716 C
INS 718 G
INS 718 T
INS 719 C
INS 720 A
INS 721 T
INS 724 T
SUB 726 T
INS 727 T
SUB 728 T
INS 731 C
SUB 732 G
INS 734 T
INS 735 A
INS 735 T
INS 736 G
INS 738 T
DEL 743
DEL 744
DEL 746
DEL 749
SUB 752 T
DEL 753
SUB 756 C
INS 757 C
INS 757 A
INS 760 G
INS 763 A
INS 764 C
INS 765 G
INS 765 C
INS 767 T
INS 767 G
INS 768 G
INS 768 T
INS 770 A
INS 771 A
INS 771 G
INS 771 G
INS 773 C
INS 773 G
SUB 774 A
SUB 775 T
INS 776 T
INS 776 G
SUB 778 C
SUB 780 T
SUB 784 T
INS 785 C
SUB 786 C
DEL 790
INS 793 G
INS 794 C
INS 794 C
INS 795 A
INS 798 A
SUB 800 C
SUB 801 A
SUB 802 T
INS 803 A
INS 805 A
INS 805 T
SUB 806 G
INS 807 T
SUB 808 G
SUB 809 T
SUB 810 T
INS 812 G
INS 812 G
INS 812 G
INS 812 T
INS 814 C
INS 814 G
SUB 817 T
SUB 818 C
INS 824 C
INS 824 A
SUB 826 A
INS 828 G
INS 828 A
SUB 833 C
INS 834 G
SUB 835 C
SUB 837 C
SUB 838 C
SUB 839 C
INS 840 T
INS 844 C
INS 845 C
INS 846 C
INS 847 A
INS 847 A
INS 848 A
INS 848 A
INS 848 A
INS 848 A
INS 849 G
INS 851 C
INS 851 C
INS 853 T
INS 853 C
INS 855 T
INS 855 T
SUB 856 T
DEL 862
DEL 864
INS 866 C
DEL 867
SUB 869 C
DEL 870
INS 873 A
INS 875 A
INS 876 G
INS 876 G
INS 876 G
SUB 878 T
SUB 879 T
INS 881 G
DEL 882
INS 886 A
SUB 887 G
SUB 889 G
DEL 891
SUB 893 G
SUB 897 A
INS 899 C
INS 899 C
INS 899 G
INS 902 T
INS 904 A
INS 905 G
SUB 906 G
SUB 907 G
SUB 908 G
INS 912 T
INS 914 T
INS 917 T
SUB 919 C
INS 920 A
SUB 922 A
SUB 923 C
SUB 925 T
INS 926 C
INS 926 C
SUB 928 T
INS 930 C
INS 930 C
INS 934 T
INS 937 C
SUB 938 A
SUB 940 T
INS 941 A
INS 942 T
SUB 943 A
INS 944 C
INS 944 G
INS 944 C
INS 944 C
INS 950 G
INS 951 A
INS 951 G
INS 951 T
INS 952 C
INS 952 G
INS 954 T
SUB 955 A
SUB 959 G
INS 960 C
INS 962 A
INS 963 G
INS 963 G
INS 965 C
INS 967 C
SUB 968 C
INS 969 G
SUB 971 T
INS 973 T
SUB 974 T
INS 975 A
INS 975 C
INS 976 A
INS 976 C
INS 978 T
SUB 979 T
SUB 982 T
SUB 983 T
DEL 984
INS 987 C
INS 987 C
INS 987 G
INS 988 G
INS 988 A
INS 991 G
INS 992 A
INS 992 A
INS 994 T
INS 996 G
DEL 997
INS 1001 T
INS 1001 G
INS 1001 G
INS 1002 G
INS 1003 T
SUB 1005 T
INS 1007 T
SUB 1008 G
INS 1009 T
INS 1009 G
INS 1009 T
INS 1010 T
INS 1011 G
SUB 1012 G
INS 1013 C
INS 1014 A
INS 1014 C
INS 1016 G
INS 1017 C
INS 1018 T
INS 1018 C
INS 1018 T
INS 1020 C
INS 1021 G
INS 1022 T
INS 1022 T
SUB 1024 C
INS 1027 C
INS 1027 C
INS 1027 A
INS 1027 G
INS 1028 C
INS 1029 C
INS 1029 T
INS 1030 T
INS 1032 T
INS 1033 T
INS 1033 T
INS 1033 A
SUB 1035 T
INS 1036 A
INS 1036 A
INS 1037 C
INS 1037 A
INS 1037 C
INS 1037 G
INS 1037 G
INS 1039 G
INS 1039 G
INS 1040 T
INS 1043 T
INS 1045 C
INS 1045 C
INS 1046 C
INS 1048 T
INS 1048 T
SUB 1050 C
SUB 1053 T
INS 1054 C
INS 1055 T
INS 1055 C
INS 1055 T
INS 1056 A
INS 1057 G
INS 1057 T
INS 1057 C
INS 1057 C
INS 1062 C
INS 1063 C
SUB 1065 A
INS 1068 G
INS 1068 C
INS 1069 A
INS 1070 G
INS 1071 A
SUB 1073 G
INS 1074 C
INS 1077 G
SUB 1079 G
SUB 1081 A
INS 1083 A
INS 1083 A
INS 1083 T
INS 1083 C
INS 1084 C
INS 1084 C
INS 1089 C
INS 1089 C
INS 1089 T
INS 1091 G
INS 1091 G
INS 1091 T
INS 1093 C
INS 1093 C
INS 1093 T
INS 1093 C
INS 1093 T
INS 1093 C
SUB 1095 T
INS 1097 C
INS 1097 C
SUB 1098 G
INS 1101 C
INS 1101 A
INS 1101 C
INS 1101 A
INS 1103 A
SUB 1105 C
INS 1106 C
SUB 1110 C
SUB 1113 A
INS 1116 A
INS 1119 C
INS 1120 T
INS 1120 T
INS 1120 C
INS 1121 A
INS 1122 C
INS 1122 C
INS 1123 T
SUB 1124 T
INS 1125 T
INS 1125 T
INS 1125 C
SUB 1126 G
INS 1127 T
INS 1128 C
INS 1128 C
INS 1129 T
SUB 1130 G
SUB 1131 G
INS 1132 C
INS 1132 T
INS 1132 T
INS 1132 T
INS 1132 G
INS 1132 T
INS 1132 T
INS 1132 C
SUB 1134 A
INS 1137 A
INS 1138 A
SUB 1142 C
INS 1145 C
INS 1146 G
INS 1147 A
SUB 1148 G
SUB 1150 A
INS 1151 A
INS 1152 T
INS 1152 T
INS 1152 A
INS 1156 C
INS 1156 G
SUB 1158 T
INS 1160 A
INS 1161 A
INS 1162 C
SUB 1164 T
SUB 1165 G
SUB 1167 T
SUB 1168 G
SUB 1169 C
SUB 1170 G
SUB 1171 G
SUB 1172 C
SUB 1175 C
SUB 1177 G
INS 1178 G
INS 1179 G
INS 1179 C
INS 1180 A
INS 1180 T
INS 1182 T
INS 1183 C
INS 1184 T
SUB 1185 A
DEL 1188
SUB 1191 C
SUB 1192 T
INS 1193 C
SUB 1194 G
SUB 1197 C
SUB 1201 G
INS 1202 G
INS 1203 A
SUB 1205 T
INS 1206 T
INS 1206 T
INS 1206 C
INS 1208 T
INS 1209 T
INS 1209 C
SUB 1212 C
INS 1213 A
INS 1213 G
INS 1213 G
INS 1215 C
INS 1216 A
INS 1216 C
INS 1216 C
INS 1216 T
SUB 1219 T
INS 1220 G
INS 1220 A
INS 1222 A
INS 1222 G
INS 1222 G
SUB 1223 G
SUB 1224 C
SUB 1226 C
SUB 1228 G
INS 1229 C
INS 1229 C
SUB 1233 C
INS 1235 T
SUB 1238 T
INS 1239 T
INS 1239 T
SUB 1240 G
SUB 1241 T
INS 1242 G
SUB 1246 C
INS 1248 G
INS 1249 G
INS 1249 C
INS 1249 G
INS 1250 A
INS 1250 A
INS 1250 A
INS 1250 A
INS 1253 T
INS 1253 G
SUB 1255 A
INS 1256 A
INS 1258 G
INS 1258 T
INS 1259 C
SUB 1260 C
SUB 1262 A
INS 1265 A
DEL 1267
INS 1269 T
DEL 1270
SUB 1274 C
SUB 1275 C
INS 1277 A
INS 1277 A
INS 1277 A
DEL 1278
INS 1282 A
SUB 1283 G
DEL 1286
SUB 1290 C
SUB 1291 C
INS 1293 G
INS 1294 C
SUB 1295 C
SUB 1297 T
SUB 1300 T
SUB 1304 G
SUB 1306 C
SUB 1307 A
SUB 1308 A
SUB 1310 A
SUB 1311 C
SUB 1313 A
SUB 1316 C
DEL 1319
DEL 1320
SUB 1323 A
SUB 1324 A
SUB 1326 A
INS 1327 A
INS 1329 A
INS 1329 A
INS 1329 G
INS 1331 G
INS 1332 C
SUB 1335 A
SUB 1336 T
SUB 1337 A
INS 1339 A
INS 1342 C
INS 1344 C
INS 1344 A
INS 1346 G
INS 1348 T
INS 1348 T
INS 1348 T
INS 1350 C
INS 1351 G
INS 1352 C
SUB 1353 G
INS 1355 T
INS 1355 T
INS 1357 C
INS 1357 C
INS 1357 C
INS 1357 T
INS 1357 A
INS 1359 T
INS 1359 C
INS 1360 G
INS 1361 A
SUB 1364 G
INS 1366 A
INS 1367 C
INS 1368 G
SUB 1370 A
INS 1374 C
INS 1375 C
INS 1375 G
SUB 1377 A
DEL 1382
DEL 1383
SUB 1387 C
INS 1389 C
INS 1391 T
INS 1391 C
INS 1391 T
SUB 1392 T
INS 1397 T
INS 1398 C
INS 1398 T
INS 1398 T
INS 1398 T
INS 1398 T
SUB 1401 G
SUB 1406 T
SUB 1407 T
SUB 1408 T
SUB 1410 G
INS 1413 C
INS 1414 C
SUB 1415 G
INS 1417 C
INS 1417 G
SUB 1418 T
INS 1420 C
INS 1420 C
INS 1420 G
INS 1420 C
INS 1420 G
SUB 1422 C
INS 1424 T
SUB 1427 C
SUB 1428 G
INS 1430 C
INS 1430 A
INS 1432 C
INS 1432 G
INS 1433 T
INS 1433 A
SUB 1438 T
INS 1439 T
INS 1439 C
INS 1440 G
INS 1442 C
INS 1442 G
INS 1442 C
INS 1442 C
INS 1443 A
INS 1444 T
INS 1444 C
INS 1445 A
INS 1446 C
SUB 1449 A
INS 1451 A
INS 1453 C
INS 1453 C
INS 1454 G
INS 1455 G
INS 1458 T
INS 1458 G
SUB 1460 T
INS 1461 T
INS 1461 G
INS 1465 G
SUB 1466 A
INS 1467 C
INS 1468 G
SUB 1470 C
INS 1471 G
INS 1472 G
SUB 1475 G
SUB 1476 G
SUB 1477 G
SUB 1478 C
SUB 1481 C
DEL 1483
SUB 1489 G
SUB 1490 G
INS 1491 G
INS 1492 A
INS 1494 T
INS 1494 G
INS 1495 G
INS 1495 T
INS 1497 T
SUB 1498 G
INS 1501 A
INS 1501 C
INS 1501 A
INS 1502 G
INS 1503 C
INS 1504 T
INS 1506 G
INS 1506 T
INS 1506 T
INS 1507 A
INS 1509 A
SUB 1510 T
INS 1514 G
INS 1515 G
SUB 1516 G
INS 1517 T
INS 1517 C
INS 1519 T
SUB 1520 G
SUB 1522 C
INS 1524 T
SUB 1525 A
SUB 1527 G
INS 1529 C
INS 1529 T
INS 1530 G
SUB 1531 T
INS 1532 A
INS 1533 A
INS 1534 A
INS 1536 A
INS 1536 T
INS 1537 G
INS 1537 T
INS 1538 C
SUB 1542 G
SUB 1546 A
SUB 1548 G
SUB 1549 A
INS 1550 G
INS 1550 G
INS 1551 A
INS 1551 A
INS 1551 G
INS 1551 A
INS 1551 A
SUB 1552 A
SUB 1553 G
INS 1554 G
SUB 1555 T
SUB 1556 T
INS 1557 G
INS 1557 T
INS 1558 A
INS 1558 G
INS 1559 T
INS 1559 T
INS 1559 A
INS 1562 A
SUB 1563 C
SUB 1564 T
INS 1567 T
INS 1569 A
DEL 1571
INS 1574 A
INS 1574 G
SUB 1575 A
INS 1577 G
SUB 1578 G
SUB 1580 G
INS 1581 A
INS 1581 G
SUB 1584 G
INS 1585 G
SUB 1586 G
SUB 1587 G
SUB 1588 G
INS 1589 A
SUB 1590 A
INS 1591 A
INS 1594 A
SUB 1595 G
DEL 1598
DEL 1600
SUB 1604 T
SUB 1606 A
INS 1607 A
SUB 1608 G
DEL 1610
SUB 1613 G
SUB 1615 G
SUB 1620 A
SUB 1622 A
INS 1624 T
SUB 1626 G
INS 1628 C
INS 1631 A
INS 1633 T
SUB 1634 T
INS 1636 C
SUB 1638 A
INS 1639 G
SUB 1642 G
SUB 1643 G
SUB 1645 A
DEL 1647
SUB 1649 A
SUB 1650 G
SUB 1651 A
SUB 1652 G
SUB 1654 G
DEL 1661
SUB 1663 G
SUB 1664 G
SUB 1665 T
SUB 1667 C
SUB 1669 G
INS 1671 T
INS 1671 T
DEL 1675
SUB 1677 A
SUB 1678 A
SUB 1679 T
SUB 1680 T
SUB 1684 T
SUB 1685 T
SUB 1686 T
DEL 1688
SUB 1691 A
INS 1693 C
SUB 1694 C
SUB 1695 T
INS 1696 T
INS 1697 A
INS 1698 T
SUB 1699 C
INS 1700 C
DEL 1702
SUB 1704 C
SUB 1705 C
INS 1706 A
SUB 1707 T
SUB 1709 A
SUB 1713 T
SUB 1714 T
INS 1716 C
INS 1716 C
SUB 1718 A
INS 1719 A
INS 1719 A
INS 1719 T
SUB 1720 A
INS 1721 C
SUB 1725 C
SUB 1727 C
INS 1729 A
SUB 1730 G
INS 1733 A
INS 1733 A
INS 1734 T
INS 1734 T
INS 1734 G
SUB 1737 G
INS 1739 T
INS 1739 T
INS 1739 G
SUB 1741 G
INS 1744 C
INS 1746 G
SUB 1747 G
INS 1749 T
DEL 1750
INS 1754 C
INS 1754 A
INS 1754 G
INS 1756 G
INS 1757 T
INS 1757 G
INS 1759 C
INS 1759 G
INS 1761 G
INS 1763 T
INS 1763 T
SUB 1764 T
SUB 1765 C
DEL 1766
INS 1769 C
INS 1770 A
INS 1770 T
INS 1771 C
SUB 1772 C
INS 1776 C
INS 1776 T
SUB 1778 T
SUB 1779 T
INS 1782 A
INS 1782 A
SUB 1783 A
INS 1787 T
SUB 1788 G
SUB 1792 G
SUB 1793 G
SUB 1794 G
INS 1797 C
INS 1798 G
INS 1798 G
INS 1799 G
INS 1799 G
INS 1801 G
INS 1801 C
INS 1801 C
SUB 1803 C
INS 1804 C
SUB 1806 C
INS 1809 T
INS 1811 G
INS 1811 G
INS 1811 C
INS 1811 C
INS 1813 A
INS 1813 T
INS 1813 A
SUB 1814 C
INS 1816 A
INS 1818 C
SUB 1819 C
INS 1820 G
INS 1822 C
SUB 1825 T
INS 1826 T
INS 1826 C
INS 1826 T
SUB 1827 G
INS 1828 G
SUB 1830 G
INS 1831 G
INS 1831 G
SUB 1835 C
SUB 1837 G
INS 1838 G
INS 1838 A
INS 1841 G
INS 1842 C
INS 1845 A
SUB 1847 T
SUB 1853 G
INS 1855 G
INS 1855 G
INS 1855 A
INS 1856 G
INS 1856 A
SUB 1858 A
SUB 1861 T
INS 1862 T
INS 1865 C
INS 1865 C
INS 1869 A
INS 1869 G
INS 1870 A
INS 1871 G
INS 1871 G
INS 1873 T
INS 1873 G
SUB 1876 G
SUB 1877 A
INS 1879 G
INS 1879 G
INS 1879 G
INS 1879 A
INS 1879 G
INS 1879 G
INS 1879 C
INS 1883 G
INS 1886 G
INS 1887 A
INS 1888 G
INS 1888 C
SUB 1890 G
SUB 1891 T
SUB 1894 G
INS 1895 C
INS 1895 A
SUB 1896 C
INS 1898 G
INS 1898 G
SUB 1900 G
INS 1901 G
INS 1903 C
INS 1903 C
DEL 1906
INS 1911 C
INS 1911 C
SUB 1914 A
SUB 1916 A
INS 1919 A
INS 1921 C
INS 1923 G
SUB 1925 T
INS 1926 T
INS 1926 T
INS 1927 G
INS 1928 T
INS 1930 A
INS 1931 C
INS 1931 T
INS 1932 A
INS 1932 T
INS 1933 A
INS 1934 T
INS 1934 C
SUB 1937 C
SUB 1938 C
SUB 1939 C
SUB 1942 A
DEL 1945
SUB 1950 G
INS 1954 C
INS 1954 G
INS 1954 C
INS 1954 G
SUB 1957 C
INS 1959 G
INS 1960 T
SUB 1961 C
SUB 1962 G
INS 1963 G
INS 1963 G
DEL 1969
INS 1972 A
INS 1973 T
INS 1974 T
INS 1977 C
SUB 1979 G
INS 1981 C
INS 1981 G
INS 1981 G
INS 1981 C
INS 1982 G
INS 1982 G
INS 1982 T
INS 1985 T
INS 1985 T
INS 1987 A
INS 1987 A
INS 1987 G
INS 1988 T
INS 1989 T
SUB 1991 C
INS 1994 A
INS 1994 C
INS 1997 A
INS 1998 A
SUB 2000 G
SUB 2003 A
INS 2004 T
INS 2005 G
INS 2006 T
INS 2006 G
INS 2006 T
INS 2006 T
INS 2007 T
INS 2007 A
INS 2007 G
INS 2008 A
INS 2011 T
INS 2012 C
SUB 2015 C
INS 2016 G
INS 2016 A
INS 2018 A
INS 2018 C
INS 2019 G
SUB 2020 C
INS 2022 G
INS 2022 C
INS 2022 G
INS 2025 C
INS 2025 G
INS 2025 A
SUB 2027 C
SUB 2029 T
SUB 2031 A
SUB 2034 C
INS 2036 A
INS 2038 A
INS 2040 A
INS 2040 T
INS 2040 A
INS 2040 T
INS 2040 A
INS 2040 T
INS 2040 A
INS 2043 G
INS 2043 A
INS 2044 G
INS 2044 T
INS 2046 A
INS 2046 A
INS 2047 A
SUB 2048 G
INS 2049 A
INS 2050 A
INS 2052 C
INS 2052 A
INS 2052 C
INS 2053 T
INS 2053 A
INS 2054 T
INS 2054 G
INS 2056 C
INS 2056 G
INS 2056 C
INS 2057 G
SUB 2058 T
SUB 2061 C
SUB 2063 G
SUB 2064 C
INS 2067 G
INS 2068 T
INS 2069 G
SUB 2071 T
SUB 2072 C
INS 2074 C
INS 2074 C
INS 2075 G
INS 2075 G
INS 2075 G
INS 2075 G
INS 2081 G
INS 2081 C
INS 2081 A
INS 2081 C
INS 2081 C
INS 2081 G
INS 2082 T
INS 2082 C
INS 2083 T
INS 2083 T
INS 2084 A
INS 2084 C
INS 2084 T
INS 2085 C
INS 2085 T
INS 2086 C
INS 2086 C
INS 2089 T
INS 2089 T
INS 2089 A
INS 2089 A
INS 2089 A
INS 2092 C
SUB 2093 T
INS 2096 C
INS 2098 T
INS 2098 C
INS 2098 C
INS 2098 T
INS 2098 T
INS 2099 A
INS 2099 C
INS 2100 C
INS 2100 C
INS 2100 A
DEL 2103
INS 2106 G
INS 2106 G
INS 2109 C
INS 2109 A
INS 2109 C
INS 2109 A
INS 2112 C
INS 2112 G
INS 2113 C
INS 2113 A
INS 2113 A
SUB 2116 C
INS 2117 C
INS 2117 T
INS 2118 T
INS 2118 T
INS 2118 T
SUB 2120 T
INS 2122 T
INS 2122 G
INS 2122 C
INS 2124 T
INS 2124 T
INS 2124 A
INS 2124 A
INS 2124 A
INS 2124 A
INS 2124 A
INS 2124 A
INS 2125 A
INS 2126 T
INS 2127 T
INS 2129 T
INS 2130 A
INS 2130 A
INS 2130 G
INS 2130 G
SUB 2132 G
INS 2133 G
SUB 2134 G
INS 2135 A
INS 2136 A
INS 2136 T
INS 2137 A
INS 2137 C
INS 2137 C
INS 2138 C
INS 2138 A
SUB 2139 C
INS 2141 A
INS 2144 A
INS 2145 G
INS 2146 G
SUB 2147 A
SUB 2148 G
INS 2151 A
INS 2151 T
INS 2151 T
INS 2151 T
INS 2152 A
SUB 2153 G
SUB 2154 G
SUB 2157 T
INS 2160 T
INS 2160 T
SUB 2161 T
INS 2162 C
INS 2162 C
INS 2162 G
INS 2162 T
INS 2163 T
INS 2164 T
INS 2166 T
INS 2166 T
INS 2166 C
INS 2167 T
INS 2170 C
INS 2170 T
INS 2173 T
INS 2173 T
INS 2175 T
INS 2175 T
INS 2175 G
INS 2176 T
INS 2177 T
INS 2178 G
INS 2178 A
INS 2178 T
INS 2178 G
INS 2178 T
INS 2178 T
INS 2179 T
INS 2184 G
SUB 2185 G
SUB 2187 C
INS 2188 T
INS 2191 T
INS 2192 T
SUB 2193 G
SUB 2194 G
SUB 2195 G
INS 2196 T
INS 2198 T
INS 2198 A
INS 2201 G
INS 2201 T
INS 2203 G
INS 2203 G
INS 2203 A
INS 2203 T
INS 2203 T
INS 2204 C
INS 2205 T
INS 2205 T
INS 2205 C
INS 2205 C
INS 2206 T
INS 2206 T
SUB 2207 T
INS 2209 A
INS 2209 T
INS 2211 T
INS 2211 A
INS 2211 A
INS 2213 T
INS 2213 C
INS 2214 G
INS 2216 A
INS 2217 G
INS 2218 T
INS 2219 A
INS 2219 G
SUB 2220 G
INS 2221 C
INS 2222 G
INS 2222 G
INS 2222 A
INS 2225 T
INS 2226 C
SUB 2227 C
INS 2228 A
INS 2228 A
INS 2229 T
INS 2233 C
INS 2234 T
INS 2235 A
INS 2235 T
INS 2236 C
INS 2236 C
INS 2236 C
INS 2237 G
INS 2237 A
INS 2240 T
INS 2240 T
SUB 2241 T
INS 2242 G
INS 2245 G
INS 2245 G
SUB 2246 C
SUB 2249 C
INS 2250 A
SUB 2253 A
SUB 2257 G
SUB 2260 T
SUB 2263 G
SUB 2264 G
SUB 2265 G
SUB 2268 T
SUB 2271 T
SUB 2273 G
DEL 2275
DEL 2276
INS 2280 G
INS 2282 C
INS 2282 C
SUB 2283 G
INS 2286 C
SUB 2288 C
SUB 2289 T
INS 2290 C
INS 2291 T
SUB 2297 T
INS 2298 G
SUB 2299 G
SUB 2300 T
SUB 2302 T
INS 2303 G
INS 2304 T
INS 2305 G
INS 2305 G
INS 2306 G
INS 2306 C
INS 2306 C
INS 2306 C
INS 2306 G
INS 2306 C
INS 2306 C
SUB 2307 A
INS 2308 A
INS 2310 C
INS 2310 T
SUB 2313 C
SUB 2316 G
DEL 2319
SUB 2322 C
INS 2323 C
INS 2325 C
INS 2325 C
INS 2325 A
INS 2325 C
INS 2325 C
INS 2327 T
INS 2328 G
SUB 2329 G
SUB 2331 C
INS 2333 G
INS 2333 G
INS 2333 C
INS 2333 C
INS 2333 G
INS 2335 T
INS 2339 T
INS 2340 G
INS 2340 A
INS 2344 G
INS 2345 A
INS 2345 C
INS 2345 C
INS 2345 A
INS 2347 G
INS 2348 T
INS 2349 C
INS 2350 G
DEL 2353
INS 2356 G
INS 2356 A
SUB 2358 C
SUB 2360 T
INS 2361 T
INS 2363 C
INS 2363 T
INS 2363 C
INS 2363 C
INS 2364 C
INS 2364 C
INS 2366 T
INS 2368 A
INS 2368 A
INS 2368 G
INS 2369 C
INS 2370 A
INS 2372 G
INS 2373 T
SUB 2374 A
INS 2377 A
SUB 2380 G
INS 2383 G
INS 2383 C
INS 2384 C
INS 2385 T
INS 2387 C
SUB 2389 T
DEL 2390
INS 2392 G
INS 2392 G
INS 2393 G
INS 2393 A
INS 2393 G
SUB 2395 C
INS 2396 C
INS 2396 C
INS 2396 T
INS 2398 C
SUB 2401 A
DEL 2402
DEL 2403
DEL 2407
SUB 2412 T
DEL 2416
INS 2420 A
INS 2422 A
INS 2423 G
INS 2424 T
INS 2424 A
INS 2424 A
DEL 2426
SUB 2430 G
INS 2431 T
INS 2432 T
INS 2432 A
INS 2433 T
SUB 2435 A
INS 2438 T
INS 2438 A
INS 2438 C
INS 2438 C
INS 2440 C
INS 2440 A
INS 2440 A
SUB 2441 T
INS 2443 A
INS 2444 A
INS 2444 A
INS 2447 G
INS 2447 C
INS 2447 C
SUB 2450 C
INS 2452 T
INS 2452 C
INS 2452 T
INS 2452 C
INS 2453 T
SUB 2455 A
INS 2457 A
INS 2457 A
INS 2457 A
INS 2458 T
INS 2462 G
INS 2462 G
INS 2462 G
INS 2463 C
INS 2464 G
INS 2464 T
INS 2464 T
INS 2464 T
INS 2464 G
INS 2468 T
INS 2468 T
INS 2468 T
INS 2468 C
INS 2468 A
INS 2468 C
INS 2468 T
INS 2470 T
INS 2470 T
INS 2472 A
INS 2472 A
INS 2473 A
INS 2473 A
INS 2473 A
INS 2473 G
INS 2473 T
INS 2475 G
INS 2475 C
INS 2475 A
INS 2475 G
INS 2476 T
INS 2477 C
INS 2477 C
INS 2477 C
INS 2478 T
INS 2479 A
INS 2479 A
INS 2483 G
INS 2483 A
SUB 2484 T
INS 2485 A
SUB 2487 T
SUB 2488 A
SUB 2492 A
SUB 2493 A
DEL 2498
INS 2500 C
INS 2500 A
INS 2500 A
INS 2500 C
INS 2501 G
INS 2501 G
INS 2504 A
INS 2505 C
INS 2505 A
SUB 2508 C
SUB 2510 G
INS 2511 C
INS 2511 C
INS 2512 C
SUB 2514 A
INS 2517 A
INS 2517 C
SUB 2518 G
SUB 2519 G
SUB 2521 C
SUB 2526 A
INS 2527 A
INS 2527 A
INS 2529 C
INS 2529 C
INS 2529 A
INS 2533 A
INS 2533 C
INS 2533 G
INS 2533 C
INS 2533 A
INS 2533 A
INS 2534 C
INS 2534 A
INS 2534 G
INS 2537 A
SUB 2538 T
INS 2539 G
INS 2540 A
INS 2540 A
INS 2540 G
INS 2540 C
INS 2543 T
INS 2543 G
INS 2544 A
INS 2544 T
SUB 2547 T
INS 2548 G
INS 2548 G
INS 2548 G
INS 2548 G
SUB 2550 T
SUB 2551 G
SUB 2552 G
INS 2556 G
SUB 2559 C
INS 2560 A
INS 2561 A
INS 2562 G
INS 2562 C
INS 2562 G
INS 2564 G
INS 2564 G
INS 2566 C
INS 2566 C
INS 2568 G
INS 2570 A
INS 2570 A
INS 2570 G
INS 2570 A
INS 2570 G
INS 2570 G
INS 2573 G
SUB 2574 T
INS 2575 T
INS 2575 T
INS 2575 T
SUB 2576 T
INS 2578 C
INS 2578 A
INS 2579 T
INS 2584 A
SUB 2586 G
INS 2590 G
SUB 2592 C
INS 2593 C
INS 2597 T
SUB 2598 T
INS 2599 T
SUB 2602 T
INS 2603 C
INS 2603 A
INS 2605 T
INS 2605 T
INS 2608 C
SUB 2611 T
INS 2612 G
INS 2612 G
SUB 2615 A
SUB 2616 G
SUB 2618 C
SUB 2621 T
SUB 2623 T
INS 2624 A
SUB 2625 T
SUB 2626 T
INS 2628 T
INS 2628 T
INS 2629 T
INS 2629 T
INS 2629 G
INS 2629 G
INS 2632 A
INS 2634 C
INS 2635 C
INS 2635 T
SUB 2640 T
SUB 2642 A
SUB 2644 A
SUB 2645 A
INS 2646 A
INS 2646 T
INS 2646 T
INS 2646 T
INS 2646 A
SUB 2649 A
INS 2650 A
SUB 2652 C
DEL 2654
SUB 2656 T
SUB 2663 A
SUB 2664 A
SUB 2665 A
SUB 2668 A
SUB 2669 A
SUB 2672 C
INS 2673 T
INS 2674 T
INS 2674 T
SUB 2677 A
SUB 2680 T
INS 2681 T
INS 2682 C
INS 2682 G
INS 2688 G
INS 2688 C
INS 2688 C
INS 2688 C
INS 2689 A
INS 2689 T
INS 2689 T
INS 2689 C
SUB 2693 T
INS 2695 A
INS 2695 G
INS 2697 G
SUB 2699 T
SUB 2707 G
INS 2710 T
INS 2710 T
INS 2711 C
INS 2712 G
INS 2712 G
INS 2712 T
INS 2712 A
INS 2712 A
INS 2712 A
INS 2712 G
INS 2713 C
INS 2713 T
INS 2714 A
INS 2714 A
INS 2716 T
INS 2716 C
INS 2716 T
INS 2717 C
SUB 2718 C
INS 2724 C
SUB 2725 C
INS 2728 T
SUB 2729 C
SUB 2731 A
SUB 2732 C
SUB 2735 A
SUB 2736 A
SUB 2737 G
INS 2738 A
INS 2738 A
SUB 2740 T
SUB 2746 C
SUB 2749 A
INS 2750 A
SUB 2751 A
INS 2754 G
SUB 2758 A
DEL 2759
SUB 2762 T
INS 2763 T
INS 2764 T
SUB 2767 A
SUB 2768 A
SUB 2769 G
INS 2770 A
INS 2772 G
INS 2775 G
INS 2775 A
INS 2775 A
SUB 2777 C
INS 2779 G
INS 2779 T
INS 2780 T
INS 2781 G
INS 2783 A
SUB 2784 G
INS 2787 A
SUB 2788 G
SUB 2789 T
INS 2790 G
DEL 2791
INS 2793 T
SUB 2795 A
INS 2796 T
INS 2798 G
SUB 2800 T
INS 2802 G
INS 2803 A
INS 2806 A
INS 2806 A
SUB 2807 T
SUB 2810 C
SUB 2811 T
SUB 2813 T
INS 2814 C
INS 2814 T
INS 2814 T
INS 2814 C
INS 2815 T
INS 2817 T
INS 2817 T
SUB 2818 T
SUB 2820 T
INS 2822 T
DEL 2823
SUB 2829 T
SUB 2830 T
SUB 2831 T
INS 2833 G
SUB 2834 A
INS 2835 C
DEL 2838
INS 2840 A
SUB 2841 T
INS 2845 G
INS 2845 A
INS 2849 G
INS 2849 C
SUB 2850 G
INS 2851 C
INS 2851 G
INS 2852 G
INS 2852 G
INS 2855 G
INS 2855 T
INS 2855 T
INS 2855 T
INS 2858 T
SUB 2860 C
SUB 2861 T
SUB 2864 A
INS 2868 A
INS 2868 T
INS 2871 A
INS 2871 G
SUB 2873 G
INS 2874 G
INS 2876 T
INS 2876 G
INS 2876 T
SUB 2877 T
SUB 2879 G
DEL 2884
DEL 2887
INS 2893 A
INS 2895 C
SUB 2896 T
INS 2898 T
SUB 2899 G
SUB 2902 T
INS 2903 T
SUB 2904 T
SUB 2906 C
INS 2907 C
SUB 2908 T
SUB 2909 T
SUB 2911 T
SUB 2912 A
SUB 2915 C
INS 2917 C
INS 2918 T
INS 2918 T
INS 2919 C
INS 2919 T
INS 2922 T
INS 2922 A
INS 2922 A
INS 2922 T
INS 2923 C
INS 2923 G
INS 2924 G
INS 2924 T
SUB 2928 C
SUB 2930 A
INS 2931 C
INS 2931 A
INS 2932 T
INS 2932 T
SUB 2933 T
SUB 2934 A
DEL 2935
SUB 2938 C
INS 2939 A
INS 2939 A
INS 2941 T
INS 2941 T
SUB 2942 G
SUB 2944 A
SUB 2947 A
INS 2948 T
SUB 2949 T
INS 2951 G
INS 2954 C
INS 2954 G
INS 2954 G
DEL 2956
DEL 2960
SUB 2962 G
SUB 2968 C
SUB 2969 A
SUB 2970 A
INS 2971 A
SUB 2972 A
SUB 2974 A
SUB 2976 A
INS 2978 C
SUB 2979 A
INS 2983 C
INS 2983 G
SUB 2984 A
INS 2985 G
INS 2985 G
DEL 2986
DEL 2990
INS 2994 A
SUB 2995 A
SUB 2996 A
SUB 2998 A
INS 3002 A
SUB 3004 G
INS 3005 T
SUB 3008 G
SUB 3009 G
SUB 3010 G
SUB 3012 G
SUB 3013 T
SUB 3015 G
SUB 3017 A
SUB 3019 G
INS 3021 G
SUB 3022 T
INS 3023 A
INS 3023 A
INS 3023 A
SUB 3025 C
DEL 3027
INS 3031 G
INS 3031 C
SUB 3034 A
SUB 3037 A
SUB 3038 A
SUB 3040 A
INS 3041 T
SUB 3043 G
INS 3046 T
INS 3047 A
INS 3048 T
SUB 3050 C
SUB 3051 A
DEL 3054
INS 3056 C
INS 3058 G
INS 3059 G
INS 3059 C
INS 3059 G
INS 3059 A
INS 3062 G
SUB 3063 T
SUB 3064 G
SUB 3070 C
INS 3073 T
SUB 3075 T
SUB 3077 T
SUB 3078 A
INS 3080 A
SUB 3081 T
SUB 3082 T
INS 3086 C
INS 3089 G
SUB 3090 A
INS 3092 G
INS 3093 T
INS 3093 G
SUB 3095 C
SUB 3097 A
DEL 3098
SUB 3100 A
INS 3102 T
INS 3104 T
INS 3107 C
DEL 3108
SUB 3111 G
INS 3113 C
SUB 3116 T
SUB 3117 T
INS 3118 C
INS 3118 C
SUB 3121 A
INS 3123 C
SUB 3124 G
INS 3128 G
SUB 3130 T
SUB 3131 C
DEL 3133
SUB 3138 C
SUB 3139 G
INS 3140 G
SUB 3142 G
INS 3144 C
INS 3147 G
INS 3147 G
SUB 3150 C
DEL 3152
SUB 3155 T
DEL 3156
INS 3161 C
INS 3163 A
INS 3164 C
INS 3165 G
INS 3165 G
INS 3167 A
INS 3169 G
INS 3169 T
INS 3173 G
INS 3173 C
SUB 3174 C
INS 3176 A
SUB 3177 G
INS 3180 T
INS 3181 T
SUB 3182 T
INS 3183 A
INS 3183 G
SUB 3184 A
SUB 3185 A
INS 3190 A
SUB 3191 A
INS 3193 G
INS 3193 T
SUB 3196 C
DEL 3197
DEL 3198
INS 3204 T
INS 3204 T
SUB 3206 T
INS 3207 T
INS 3207 T
SUB 3209 G
SUB 3210 T
INS 3212 T
SUB 3214 C
SUB 3217 G
SUB 3219 C
DEL 3220
SUB 3224 C
SUB 3226 C
INS 3228 C
INS 3228 A
SUB 3232 C
SUB 3233 G
SUB 3234 C
DEL 3236
INS 3238 G
SUB 3239 G
SUB 3240 G
SUB 3242 C
SUB 3244 A
SUB 3245 G
SUB 3248 G
SUB 3249 G
INS 3250 T
SUB 3254 G
INS 3255 T
INS 3255 T
SUB 3256 C
INS 3258 G
SUB 3260 G
SUB 3263 A
INS 3264 C
INS 3266 T
INS 3266 C
INS 3266 A
INS 3269 G
SUB 3270 A
INS 3271 A
SUB 3273 A
INS 3276 G
INS 3277 A
SUB 3278 C
DEL 3280
INS 3282 T
INS 3285 T
INS 3286 C
SUB 3287 G
DEL 3289
SUB 3291 G
SUB 3292 T
SUB 3294 G
SUB 3295 G
INS 3297 T
INS 3301 A
SUB 3302 T
SUB 3304 G
SUB 3307 C
SUB 3309 G
INS 3310 C
INS 3311 T
DEL 3312
SUB 3315 C
DEL 3317
DEL 3318
INS 3321 T
INS 3321 T
INS 3324 A
SUB 3325 A
INS 3326 T
INS 3326 A
INS 3326 A
INS 3328 C
INS 3328 G
INS 3330 T
INS 3330 T
INS 3331 G
INS 3331 G
INS 3335 T
INS 3335 A
INS 3335 A
INS 3335 A
INS 3335 A
INS 3336 A
SUB 3338 G
INS 3342 G
INS 3344 A
INS 3344 G
INS 3346 A
SUB 3347 C
INS 3349 C
INS 3349 G
INS 3350 G
INS 3351 T
INS 3351 C
INS 3351 T
INS 3355 T
INS 3357 C
INS 3358 A
DEL 3359
SUB 3361 C
INS 3363 T
INS 3363 T
DEL 3366
INS 3368 C
INS 3369 C
SUB 3371 G
INS 3373 A
SUB 3374 G
INS 3375 C
INS 3377 C
SUB 3378 C
SUB 3380 T
SUB 3381 T
INS 3383 C
INS 3383 C
INS 3384 T
INS 3384 C
INS 3384 C
INS 3384 C
INS 3385 C
SUB 3386 C
INS 3388 T
INS 3389 A
SUB 3390 T
INS 3391 A
INS 3393 G
INS 3397 C
SUB 3399 A
SUB 3400 A
SUB 3402 C
SUB 3403 C
INS 3405 C
INS 3408 A
INS 3409 T
INS 3410 G
SUB 3411 A
INS 3413 C
SUB 3414 C
SUB 3416 G
SUB 3418 G
SUB 3421 C
SUB 3423 G
SUB 3425 G
SUB 3426 T
INS 3427 G
INS 3430 T
SUB 3431 G
SUB 3432 A
SUB 3434 G
SUB 3436 C
INS 3438 C
SUB 3439 G
DEL 3441
SUB 3443 T
SUB 3445 T
DEL 3448
SUB 3451 C
SUB 3453 T
SUB 3455 A
SUB 3457 A
INS 3458 T
SUB 3460 T
INS 3462 T
INS 3463 G
INS 3467 A
SUB 3470 T
INS 3471 T
INS 3471 T
INS 3471 T
SUB 3473 C
SUB 3474 C
SUB 3475 G
INS 3476 T
INS 3479 A
SUB 3480 C
INS 3481 C
INS 3481 C
INS 3481 C
INS 3481 T
INS 3482 C
INS 3483 G
INS 3484 C
INS 3486 A
INS 3489 C
INS 3490 A
SUB 3491 G
INS 3493 C
INS 3494 C
INS 3496 A
INS 3497 G
INS 3497 G
INS 3498 C
INS 3499 A
INS 3499 C
INS 3499 C
INS 3499 G
INS 3500 G
INS 3500 G
INS 3500 A
INS 3500 A
INS 3500 G
INS 3500 C
INS 3500 C
INS 3500 G
INS 3501 G
INS 3501 G
INS 3501 G
SUB 3502 G
INS 3505 C
INS 3505 G
INS 3506 A
INS 3509 G
INS 3510 C
INS 3510 T
INS 3510 T
INS 3512 A
SUB 3513 A
INS 3514 G
INS 3515 G
INS 3515 C
INS 3515 C
INS 3516 T
INS 3521 A
INS 3521 A
INS 3521 G
INS 3521 C
SUB 3525 A
SUB 3526 T
INS 3527 T
INS 3528 A
INS 3528 T
INS 3530 C
SUB 3531 T
INS 3533 A
INS 3533 A
INS 3538 C
INS 3538 C
INS 3539 G
INS 3539 C
SUB 3541 T
SUB 3542 G
INS 3543 G
SUB 3544 C
INS 3548 C
INS 3551 G
SUB 3554 A
INS 3556 G
SUB 3557 A
SUB 3558 T
SUB 3560 T
SUB 3563 G
DEL 3566
SUB 3569 G
SUB 3570 G
INS 3572 G
INS 3572 A
SUB 3573 A
SUB 3575 G
SUB 3576 C
SUB 3577 G
INS 3579 T
SUB 3582 C
DEL 3583
INS 3585 C
INS 3585 C
INS 3586 A
INS 3586 C
SUB 3588 C
INS 3589 A
INS 3589 A
SUB 3591 A
SUB 3594 C
INS 3595 C
INS 3597 G
INS 3597 G
INS 3598 C
INS 3599 A
INS 3599 T
INS 3599 C
INS 3600 C
INS 3602 G
INS 3604 C
INS 3605 C
INS 3607 G
INS 3607 C
INS 3607 A
INS 3609 T
INS 3609 A
DEL 3610
INS 3614 A
INS 3614 C
INS 3614 C
INS 3616 A
INS 3616 A
SUB 3618 C
SUB 3620 C
SUB 3621 C
SUB 3624 A
INS 3625 A
DEL 3628
SUB 3631 A
INS 3634 T
INS 3634 A
INS 3635 T
INS 3635 T
SUB 3638 C
DEL 3640
INS 3642 C
INS 3643 T
INS 3643 T
SUB 3648 T
INS 3650 C
INS 3650 C
INS 3652 C
SUB 3653 G
INS 3654 C
SUB 3655 G
DEL 3656
SUB 3659 G
SUB 3660 G
INS 3661 T
INS 3663 A
INS 3665 A
INS 3665 G
SUB 3668 G
INS 3669 G
INS 3670 G
INS 3672 G
INS 3673 C
SUB 3676 T
SUB 3680 C
INS 3681 A
INS 3681 A
INS 3681 A
SUB 3682 C
INS 3683 G
INS 3684 G
INS 3684 G
INS 3684 C
INS 3684 C
INS 3684 C
INS 3684 T
SUB 3688 T
DEL 3690
SUB 3693 G
SUB 3694 G
SUB 3695 G
SUB 3697 G
SUB 3699 C
SUB 3700 C
INS 3701 G
INS 3701 G
INS 3702 G
INS 3702 G
INS 3704 G
DEL 3707
INS 3709 C
DEL 3712
DEL 3715
INS 3717 C
INS 3719 A
SUB 3721 A
SUB 3723 A
INS 3724 A
INS 3724 A
SUB 3726 C
INS 3727 C
INS 3728 T
SUB 3729 G
SUB 3730 C
INS 3732 C
INS 3733 G
INS 3733 C
SUB 3734 C
SUB 3736 C
INS 3737 A
INS 3738 C
SUB 3740 C
DEL 3742
SUB 3744 C
SUB 3746 C
DEL 3751
DEL 3752
INS 3755 A
INS 3755 A
INS 3755 G
INS 3755 G
SUB 3756 A
INS 3757 A
INS 3760 C
INS 3762 T
INS 3762 C
INS 3764 C
INS 3766 A
INS 3766 C
INS 3766 C
INS 3766 A
INS 3768 C
INS 3769 A
INS 3769 G
SUB 3773 A
INS 3774 C
INS 3774 C
INS 3774 C
INS 3775 C
INS 3775 T
INS 3777 C
INS 3777 T
SUB 3779 C
SUB 3780 C
SUB 3781 T
SUB 3783 T
INS 3785 T
INS 3787 A
INS 3788 G
SUB 3791 T
SUB 3792 T
SUB 3794 G
DEL 3795
INS 3800 G
SUB 3801 A
SUB 3803 G
SUB 3804 G
INS 3806 G
INS 3808 T
INS 3809 A
INS 3809 A
INS 3809 C
INS 3810 A
SUB 3811 C
INS 3813 C
INS 3813 G
INS 3813 G
SUB 3816 T
INS 3820 T
INS 3820 T
SUB 3821 G
SUB 3822 G
INS 3824 G
INS 3824 G
SUB 3826 T
SUB 3828 G
DEL 3829
SUB 3833 A
INS 3836 G
SUB 3837 G
SUB 3838 G
INS 3840 A
INS 3840 A
SUB 3842 A
SUB 3844 C
SUB 3854 C
INS 3855 A
INS 3858 C
INS 3858 C
INS 3859 G
INS 3860 A
INS 3862 T
INS 3862 T
INS 3862 T
INS 3862 A
INS 3862 T
INS 3863 G
INS 3864 A
INS 3864 T
INS 3864 A
INS 3864 T
INS 3865 T
INS 3865 T
SUB 3866 T
INS 3868 C
INS 3869 T
SUB 3870 A
INS 3871 T
INS 3872 T
SUB 3874 C
SUB 3875 C
DEL 3878
SUB 3881 T
SUB 3882 T
INS 3884 C
INS 3885 C
INS 3889 A
INS 3889 G
SUB 3892 G
DEL 3893
INS 3896 A
INS 3898 A
INS 3899 G
INS 3900 T
INS 3901 T
INS 3902 T
INS 3903 T
INS 3903 A
INS 3903 A
INS 3903 T
INS 3903 A
SUB 3905 G
INS 3907 G
INS 3908 T
SUB 3910 A
SUB 3911 C
DEL 3914
SUB 3917 T
SUB 3919 C
SUB 3922 A
INS 3925 T
INS 3925 T
SUB 3928 C
SUB 3931 A
INS 3932 A
INS 3932 T
INS 3935 G
INS 3936 T
INS 3937 T
INS 3937 C
INS 3937 C
INS 3938 G
INS 3938 A
SUB 3941 G
SUB 3942 T
SUB 3943 G
INS 3944 G
INS 3944 G
INS 3945 G
INS 3945 A
INS 3949 T
INS 3949 G
INS 3951 C
INS 3953 T
INS 3955 T
INS 3956 G
INS 3957 A
INS 3958 A
SUB 3960 A
INS 3961 A
INS 3961 C
INS 3961 A
INS 3961 C
INS 3961 A
INS 3963 C
INS 3964 C
INS 3964 T
INS 3964 C
INS 3965 A
INS 3966 A
INS 3971 T
INS 3971 G
SUB 3975 A
INS 3976 G
INS 3976 C
INS 3976 C
INS 3976 G
INS 3977 C
INS 3977 C
SUB 3979 A
SUB 3980 A
SUB 3981 A
INS 3984 T
INS 3984 T
INS 3987 A
SUB 3988 C
SUB 3990 T
SUB 3991 C
SUB 3992 C
INS 3995 G
SUB 3998 G
INS 3999 G
INS 3999 A
INS 4000 G
INS 4000 C
INS 4001 A
SUB 4003 T
SUB 4005 G
INS 4008 G
SUB 4011 G
INS 4013 G
INS 4013 C
INS 4014 T
INS 4016 G
INS 4017 A
INS 4017 T
INS 4017 T
INS 4017 T
INS 4017 T
SUB 4019 T
INS 4020 T
INS 4020 T
INS 4022 T
SUB 4023 A
INS 4026 A
INS 4026 C
SUB 4027 A
SUB 4028 C
INS 4029 T
INS 4029 C
INS 4031 C
INS 4033 G
INS 4034 C
INS 4034 A
INS 4036 A
INS 4036 G
SUB 4037 A
INS 4042 G
INS 4045 T
INS 4045 T
INS 4045 C
INS 4045 A
INS 4046 G
INS 4051 A
INS 4051 A
INS 4053 A
SUB 4054 C
SUB 4056 C
DEL 4057
SUB 4059 G
INS 4060 G
INS 4060 A
SUB 4063 G
INS 4064 G
INS 4064 A
INS 4064 A
INS 4066 G
INS 4067 A
INS 4068 T
INS 4069 C
INS 4069 G
INS 4069 C
INS 4072 C
INS 4074 T
INS 4074 T
SUB 4075 C
INS 4078 G
INS 4078 G
INS 4078 G
SUB 4079 C
INS 4080 C
INS 4080 G
SUB 4082 T
SUB 4083 C
INS 4084 C
INS 4090 G
INS 4090 T
INS 4091 T
INS 4091 C
INS 4091 C
SUB 4093 G
INS 4094 C
SUB 4097 C
SUB 4099 A
INS 4101 C
INS 4103 G
SUB 4104 T
SUB 4105 T
SUB 4107 G
INS 4108 T
INS 4108 T
INS 4111 A
SUB 4113 T
INS 4114 A
INS 4117 A
SUB 4118 T
SUB 4120 G
SUB 4121 T
INS 4124 T
INS 4124 A
INS 4124 A
DEL 4125
INS 4130 G
INS 4130 G
SUB 4131 T
INS 4132 G
INS 4133 G
INS 4135 T
INS 4135 T
SUB 4137 A
SUB 4139 T
INS 4141 G
SUB 4143 T
SUB 4145 A
SUB 4146 C
SUB 4147 T
INS 4149 A
INS 4150 T
INS 4151 A
INS 4151 A
INS 4153 T
INS 4153 A
INS 4155 A
SUB 4158 G
SUB 4159 A
INS 4160 T
SUB 4161 A
SUB 4163 A
INS 4165 C
INS 4165 C
INS 4166 T
SUB 4170 T
SUB 4171 T
SUB 4172 T
INS 4173 T
DEL 4175
INS 4178 C
INS 4178 C
SUB 4180 G
INS 4184 A
SUB 4185 A
DEL 4186
SUB 4188 C
SUB 4191 C
INS 4194 G
INS 4194 T
INS 4194 G
SUB 4196 A
INS 4197 T
INS 4197 A
INS 4197 A
INS 4197 A
INS 4200 C
INS 4201 G
SUB 4203 A
SUB 4204 T
SUB 4208 A
INS 4209 G
INS 4209 C
INS 4212 A
INS 4212 C
SUB 4213 G
SUB 4215 T
INS 4216 T
SUB 4217 G
INS 4220 A
INS 4222 G
SUB 4224 C
SUB 4226 G
SUB 4228 A
INS 4229 G
INS 4229 C
INS 4229 C
SUB 4234 C
DEL 4236
INS 4239 G
SUB 4240 G
SUB 4241 C
INS 4242 C
SUB 4245 T
SUB 4246 A
INS 4251 G
INS 4252 A
SUB 4254 G
SUB 4257 C
INS 4258 A
SUB 4260 C
SUB 4261 G
SUB 4262 C
DEL 4265
SUB 4269 T
INS 4271 A
INS 4271 G
SUB 4272 C
INS 4275 T
INS 4277 T
INS 4278 A
SUB 4279 C
INS 4281 A
INS 4282 C
INS 4284 T
INS 4284 A
SUB 4285 G
INS 4286 A
INS 4286 G
INS 4287 C
INS 4289 T
SUB 4291 C
INS 4295 A
INS 4296 A
SUB 4297 G
INS 4298 G
INS 4298 T
SUB 4300 T
SUB 4302 A
SUB 4305 G
INS 4306 G
INS 4306 G
INS 4306 T
INS 4308 C
SUB 4309 T
INS 4312 G
SUB 4315 G
INS 4316 T
SUB 4318 T
SUB 4321 T
INS 4322 C
SUB 4324 A
SUB 4325 A
SUB 4328 G
INS 4329 G
INS 4329 T
DEL 4331
SUB 4334 G
SUB 4336 T
SUB 4337 C
SUB 4338 C
SUB 4341 T
SUB 4342 G
DEL 4343
SUB 4349 G
SUB 4351 G
DEL 4352
DEL 4357
INS 4361 G
INS 4362 G
INS 4362 G
INS 4362 G
SUB 4363 G
INS 4364 G
INS 4365 G
INS 4365 T
INS 4366 C
SUB 4369 C
DEL 4375
INS 4377 A
INS 4377 A
INS 4378 G
SUB 4380 G
SUB 4382 C
SUB 4383 A
DEL 4384
SUB 4388 A
SUB 4389 A
SUB 4390 G
SUB 4393 T
SUB 4394 T
SUB 4396 T
INS 4400 T
INS 4402 A
INS 4402 C
SUB 4403 G
INS 4404 G
INS 4409 A
SUB 4412 G
INS 4413 C
INS 4413 C
INS 4415 A
INS 4415 A
INS 4416 A
SUB 4418 G
SUB 4419 C
INS 4421 A
INS 4422 G
INS 4424 T
INS 4424 T
INS 4424 A
INS 4425 C
SUB 4429 C
INS 4431 T
INS 4431 T
SUB 4435 G
INS 4436 A
INS 4440 A
SUB 4441 T
INS 4442 T
INS 4442 T
INS 4442 T
INS 4443 T
INS 4443 G
INS 4443 T
SUB 4444 T
INS 4446 C
INS 4447 C
INS 4448 A
SUB 4449 A
INS 4450 A
INS 4450 C
INS 4450 G
INS 4453 C
INS 4453 A
INS 4453 G
INS 4453 A
INS 4454 G
INS 4455 G
INS 4456 T
SUB 4458 A
INS 4459 A
SUB 4463 T
INS 4464 T
INS 4465 C
SUB 4466 C
DEL 4468
SUB 4471 G
SUB 4473 G
SUB 4478 A
SUB 4479 T
SUB 4481 C
INS 4483 G
DEL 4487
DEL 4490
SUB 4493 G
SUB 4498 G
INS 4499 G
INS 4499 G
INS 4499 G
INS 4499 C
INS 4499 C
INS 4501 G
INS 4504 A
INS 4504 T
INS 4504 A
INS 4504 G
INS 4505 C
INS 4506 T
INS 4507 G
INS 4508 A
INS 4510 T
INS 4510 G
INS 4510 A
INS 4512 G
INS 4513 G
INS 4514 T
INS 4514 A
INS 4514 T
INS 4515 T
INS 4517 C
INS 4517 T
INS 4518 G
INS 4519 G
INS 4519 A
INS 4519 G
INS 4519 C
INS 4519 A
INS 4520 C
DEL 4524
SUB 4527 A
INS 4528 T
INS 4530 G
INS 4530 G
INS 4532 A
INS 4532 C
SUB 4534 A
INS 4535 G
INS 4536 T
SUB 4538 T
SUB 4540 C
SUB 4541 T
INS 4544 T
INS 4544 G
INS 4544 T
INS 4544 T
INS 4544 T
SUB 4545 T
SUB 4547 T
INS 4548 A
INS 4549 A
INS 4549 G
INS 4550 G
INS 4550 T
INS 4552 A
INS 4553 T
SUB 4554 T
INS 4556 C
INS 4556 A
INS 4557 A
INS 4557 A
INS 4558 G
INS 4559 C
INS 4560 G
INS 4560 T
INS 4561 G
SUB 4565 A
SUB 4566 C
SUB 4567 G
INS 4569 T
SUB 4570 T
SUB 4571 T
INS 4573 G
INS 4574 G
INS 4574 G
SUB 4575 T
INS 4579 A
INS 4581 T
SUB 4582 C
INS 4584 G
INS 4584 C
INS 4584 G
INS 4584 C
INS 4584 C
SUB 4585 T
INS 4588 A
INS 4589 G
SUB 4590 C
INS 4591 C
INS 4591 C
INS 4591 T
INS 4592 A
INS 4594 A
SUB 4598 G
SUB 4599 A
INS 4601 G
INS 4601 A
INS 4601 G
INS 4601 A
INS 4602 G
INS 4605 C
INS 4605 G
INS 4605 T
INS 4605 C
INS 4605 G
INS 4608 T
INS 4608 C
INS 4608 G
INS 4609 T
INS 4609 C
INS 4609 A
INS 4610 A
INS 4610 G
INS 4611 T
INS 4614 C
INS 4615 C
INS 4616 C
INS 4616 G
SUB 4617 A
SUB 4619 A
INS 4620 A
SUB 4621 A
SUB 4623 T
SUB 4626 A
INS 4628 A
INS 4628 A
INS 4630 A
INS 4630 T
INS 4630 T
SUB 4633 C
SUB 4635 T
SUB 4636 C
SUB 4640 G
SUB 4643 T
INS 4646 A
SUB 4647 A
SUB 4648 C
INS 4649 A
SUB 4650 A
INS 4651 A
DEL 4654
SUB 4659 C
INS 4662 C
INS 4662 C
INS 4662 C
INS 4662 C
INS 4663 G
SUB 4664 C
SUB 4665 C
SUB 4667 A
SUB 4668 C
DEL 4670
INS 4674 A
SUB 4676 G
SUB 4679 C
INS 4680 G
SUB 4681 T
SUB 4683 A
INS 4684 C
INS 4687 C
INS 4688 G
SUB 4691 A
INS 4692 G
INS 4692 A
INS 4692 G
INS 4692 A
INS 4692 A
SUB 4696 T
SUB 4699 A
INS 4701 C
INS 4702 T
INS 4702 T
INS 4704 T
INS 4704 A
INS 4705 T
SUB 4710 G
SUB 4712 A
INS 4713 A
SUB 4714 T
SUB 4718 T
SUB 4720 C
INS 4722 C
INS 4724 G
SUB 4726 C
INS 4729 G
SUB 4731 G
SUB 4733 C
SUB 4734 A
SUB 4737 G
INS 4740 T
SUB 4741 T
INS 4742 C
INS 4744 G
SUB 4746 T
INS 4748 C
INS 4748 A
INS 4749 T
INS 4749 T
INS 4750 C
INS 4750 G
INS 4751 G
SUB 4753 G
DEL 4754
INS 4758 C
SUB 4761 T
INS 4762 T
INS 4762 C
SUB 4763 G
INS 4767 G
INS 4767 G
SUB 4768 T
INS 4771 T
DEL 4772
SUB 4774 A
SUB 4778 A
SUB 4779 C
INS 4780 A
INS 4781 C
INS 4781 A
INS 4783 G
INS 4784 A
INS 4785 C
INS 4785 A
INS 4786 G
INS 4786 A
SUB 4789 T
INS 4790 T
INS 4790 T
INS 4790 A
INS 4790 A
SUB 4794 G
SUB 4795 G
SUB 4799 T
SUB 4801 T
DEL 4802
DEL 4803
SUB 4807 T
DEL 4808
SUB 4812 G
SUB 4813 T
SUB 4814 T
SUB 4816 C
INS 4819 G
INS 4819 A
INS 4819 G
INS 4822 C
INS 4823 C
DEL 4824
SUB 4826 C
SUB 4828 G
INS 4829 G
SUB 4833 T
INS 4835 G
SUB 4838 T
DEL 4839
SUB 4841 A
SUB 4844 A
SUB 4845 A
SUB 4846 C
SUB 4847 C
SUB 4848 C
SUB 4849 A
DEL 4851
INS 4854 C
INS 4854 G
INS 4854 G
INS 4855 G
SUB 4857 G
INS 4858 G
INS 4859 G
INS 4860 C
INS 4861 A
SUB 4862 C
SUB 4865 G
INS 4867 C
INS 4867 G
INS 4870 C
INS 4870 C
SUB 4872 G
INS 4873 A
INS 4875 C
INS 4880 A
INS 4880 G
INS 4881 G
SUB 4882 T
INS 4885 T
INS 4885 A
INS 4885 T
INS 4885 T
SUB 4886 T
SUB 4888 G
INS 4889 G
SUB 4890 T
INS 4891 G
INS 4891 G
INS 4891 C
INS 4892 C
INS 4892 C
SUB 4893 T
SUB 4895 G
SUB 4898 A
SUB 4901 C
INS 4902 C
INS 4902 G
INS 4902 T
INS 4904 T
INS 4905 G
INS 4906 C
INS 4906 G
INS 4907 T
SUB 4909 C
INS 4910 T
INS 4911 T
SUB 4917 A
DEL 4920
SUB 4922 A
SUB 4924 T
INS 4925 T
SUB 4928 T
INS 4930 A
SUB 4931 G
SUB 4934 C
INS 4935 G
INS 4937 T
INS 4938 A
SUB 4941 T
SUB 4944 T
SUB 4945 T
INS 4947 C
INS 4947 C
INS 4948 C
INS 4948 C
INS 4948 C
INS 4948 G
INS 4950 G
SUB 4951 A
INS 4952 T
INS 4953 T
INS 4953 G
INS 4955 C
INS 4957 A
SUB 4958 T
INS 4961 G
INS 4961 A
INS 4962 T
INS 4962 A
INS 4962 A
INS 4962 C
DEL 4966
SUB 4969 T
INS 4971 G
INS 4971 C
INS 4971 C
INS 4971 T
INS 4973 A
SUB 4974 C
SUB 4977 C
DEL 4978
INS 4982 A
INS 4982 C
SUB 4983 A
INS 4984 C
INS 4985 G
INS 4985 C
INS 4989 A
INS 4989 C
SUB 4990 G
INS 4991 G
SUB 4993 G
INS 4996 G
SUB 4998 A
SUB 4999 A
SUB 5000 C
DEL 5001
INS 5005 G
SUB 5006 C
INS 5007 A
SUB 5008 C
SUB 5009 C
DEL 5011
SUB 5013 C
INS 5014 T
SUB 5016 A
SUB 5019 C
DEL 5021
SUB 5024 C
SUB 5025 T
SUB 5026 C
SUB 5028 A
SUB 5029 C
INS 5030 C
SUB 5032 A
SUB 5035 C
INS 5039 T
SUB 5040 C
SUB 5042 A
SUB 5043 C
SUB 5045 G
SUB 5047 C
INS 5051 C
INS 5051 A
SUB 5054 T
DEL 5056
SUB 5059 T
SUB 5060 A
DEL 5061
SUB 5065 C
SUB 5066 G
INS 5067 G
INS 5070 T
INS 5071 C
INS 5071 T
INS 5072 G
SUB 5073 T
INS 5075 T
DEL 5077
SUB 5080 A
SUB 5081 T
SUB 5082 C
SUB 5084 A
INS 5089 C
SUB 5091 A
INS 5092 T
INS 5094 T
SUB 5096 T
INS 5098 T
INS 5098 T
INS 5098 A
INS 5098 T
INS 5098 A
SUB 5099 A
INS 5100 A
DEL 5101
INS 5105 A
INS 5106 T
INS 5107 C
SUB 5108 T
SUB 5110 G
SUB 5112 A
SUB 5115 T
SUB 5117 C
INS 5119 T
SUB 5120 A
DEL 5125
INS 5128 A
SUB 5129 A
SUB 5130 A
INS 5131 G
INS 5134 C
SUB 5137 G
SUB 5138 A
SUB 5139 A
SUB 5141 G
SUB 5142 G
SUB 5143 G
INS 5144 G
INS 5148 T
SUB 5149 G
SUB 5152 C
INS 5153 C
SUB 5154 T
INS 5155 T
SUB 5156 T
DEL 5158
SUB 5160 C
INS 5164 C
INS 5168 T
INS 5168 A
INS 5168 G
SUB 5169 A
SUB 5170 G
SUB 5174 T
INS 5175 T
INS 5175 C
INS 5175 T
SUB 5178 C
INS 5179 A
SUB 5181 T
INS 5182 G
SUB 5184 G
INS 5186 T
INS 5186 A
INS 5187 A
INS 5188 T
SUB 5189 C
INS 5194 A
INS 5195 C
SUB 5196 C
INS 5197 A
INS 5197 A
SUB 5198 C
INS 5199 T
SUB 5201 C
INS 5202 C
INS 5202 A
INS 5203 C
SUB 5204 C
SUB 5205 C
INS 5208 C
INS 5208 C
SUB 5210 A
INS 5211 A
SUB 5213 A
INS 5215 A
SUB 5217 C
SUB 5219 C
DEL 5220
SUB 5222 G
SUB 5225 T
SUB 5226 G
SUB 5228 C
SUB 5229 G
INS 5231 C
INS 5233 G
INS 5237 A
INS 5237 A
INS 5238 A
SUB 5239 A
SUB 5240 A
SUB 5241 T
SUB 5242 C
INS 5246 A
INS 5246 A
INS 5246 A
INS 5249 C
INS 5249 T
INS 5249 C
INS 5249 A
INS 5249 T
INS 5249 T
INS 5249 A
INS 5249 T
SUB 5252 C
INS 5255 G
INS 5259 C
INS 5259 C
INS 5259 C
INS 5259 C
INS 5259 A
DEL 5261
INS 5264 G
SUB 5266 G
INS 5269 T
DEL 5273
SUB 5276 T
SUB 5278 T
INS 5280 C
SUB 5282 G
INS 5283 G
SUB 5285 A
INS 5287 A
INS 5287 A
SUB 5288 A
SUB 5289 T
SUB 5290 T
INS 5292 A
INS 5292 T
SUB 5293 G
SUB 5296 A
INS 5298 T
SUB 5299 C
INS 5302 C
INS 5304 T
INS 5304 A
INS 5305 T
SUB 5309 C
SUB 5311 C
INS 5312 C
INS 5312 C
SUB 5314 C
SUB 5315 C
SUB 5316 C
SUB 5319 G
SUB 5320 C
SUB 5321 C
DEL 5323
DEL 5325
INS 5327 A
SUB 5329 C
INS 5331 C
SUB 5332 C
DEL 5335
DEL 5336
SUB 5338 T
SUB 5341 T
DEL 5343
INS 5345 G
INS 5347 T
SUB 5350 T
INS 5352 T
SUB 5354 T
SUB 5355 T
DEL 5356
INS 5358 T
INS 5359 T
SUB 5363 A
SUB 5366 G
DEL 5367
DEL 5368
SUB 5370 G
SUB 5373 A
INS 5374 T
INS 5375 T
SUB 5376 A
SUB 5378 C
INS 5379 A
SUB 5380 C
SUB 5382 C
SUB 5387 A
SUB 5388 C
DEL 5389
DEL 5390
SUB 5392 T
SUB 5394 C
SUB 5395 C
SUB 5399 C
SUB 5400 A
DEL 5402
SUB 5404 C
INS 5406 G
INS 5406 T
INS 5408 G
INS 5408 T
SUB 5411 T
SUB 5413 T
SUB 5414 C
SUB 5416 T
INS 5417 C
INS 5417 C
INS 5418 C
INS 5419 C
INS 5420 T
INS 5424 T
SUB 5425 G
SUB 5427 G
SUB 5428 G
SUB 5430 G
INS 5432 T
INS 5432 A
INS 5434 T
INS 5435 A
INS 5436 C
DEL 5437
SUB 5440 G
INS 5443 G
INS 5443 G
INS 5443 G
SUB 5444 T
INS 5445 A
SUB 5446 T
DEL 5448
INS 5450 T
INS 5454 T
SUB 5456 T
INS 5457 A
SUB 5461 C
SUB 5464 C
INS 5466 C
INS 5469 G
INS 5470 G
INS 5471 A
INS 5471 T
INS 5472 A
INS 5474 G
INS 5475 G
SUB 5477 A
SUB 5480 C
SUB 5481 C
INS 5482 T
SUB 5485 A
SUB 5488 A
SUB 5490 G
DEL 5493
SUB 5495 T
INS 5497 G
SUB 5498 G
INS 5500 G
DEL 5502
SUB 5504 C
DEL 5505
DEL 5506
SUB 5510 C
INS 5512 G
DEL 5513
SUB 5515 T
SUB 5517 T
SUB 5519 T
INS 5520 C
INS 5524 C
INS 5529 A
INS 5529 G
INS 5530 G
INS 5531 C
INS 5531 A
INS 5531 A
INS 5531 C
INS 5531 C
INS 5534 A
SUB 5535 T
INS 5537 C
INS 5537 C
SUB 5539 A
SUB 5540 A
DEL 5543
INS 5546 T
INS 5547 T
DEL 5550
DEL 5553
DEL 5554
SUB 5557 T
SUB 5559 A
SUB 5561 T
SUB 5563 A
SUB 5566 T
SUB 5568 T
SUB 5571 T
INS 5574 A
INS 5576 C
INS 5577 T
INS 5577 C
SUB 5579 T
SUB 5581 G
SUB 5582 G
SUB 5585 G
SUB 5586 C
INS 5587 C
INS 5587 C
SUB 5588 A
SUB 5589 C
INS 5590 C
DEL 5593
INS 5595 C
INS 5596 C
INS 5596 C
SUB 5597 C
SUB 5598 G
SUB 5599 G
SUB 5604 C
SUB 5605 G
SUB 5608 C
DEL 5609
SUB 5612 T
SUB 5613 T
DEL 5615
SUB 5617 A
INS 5619 T
INS 5621 C
INS 5621 T
INS 5622 C
INS 5624 A
INS 5624 T
INS 5627 C
INS 5629 G
INS 5631 G
SUB 5632 C
INS 5633 G
SUB 5634 G
DEL 5637
DEL 5643
SUB 5645 A
SUB 5646 A
SUB 5648 C
INS 5650 G
INS 5652 C
INS 5652 C
INS 5652 G
INS 5652 G
INS 5652 G
INS 5654 A
INS 5654 A
INS 5654 A
INS 5655 T
SUB 5656 G
SUB 5658 G
INS 5659 T
INS 5662 A
INS 5664 A
INS 5667 T
INS 5669 G
SUB 5670 T
INS 5671 T
SUB 5672 C
SUB 5674 G
INS 5676 G
INS 5677 G
INS 5677 C
INS 5679 T
INS 5680 G
INS 5680 G
SUB 5681 T
SUB 5682 G
DEL 5684
SUB 5690 T
INS 5692 G
INS 5693 G
SUB 5694 T
INS 5695 G
INS 5696 G
INS 5696 A
INS 5696 A
INS 5697 C
INS 5697 C
INS 5698 T
SUB 5700 C
INS 5701 G
INS 5703 A
INS 5703 T
INS 5703 T
INS 5703 C
INS 5703 T
INS 5703 A
INS 5705 C
SUB 5707 A
INS 5709 G
INS 5709 C
INS 5709 G
SUB 5711 C
INS 5712 T
INS 5715 C
SUB 5718 T
SUB 5720 G
INS 5721 G
DEL 5722
DEL 5728
INS 5731 G
INS 5732 G
INS 5732 A
INS 5732 C
INS 5733 T
INS 5733 A
INS 5735 G
INS 5736 A
DEL 5737
SUB 5741 G
SUB 5743 C
INS 5744 A
DEL 5746
INS 5749 A
INS 5750 A
INS 5751 A
INS 5752 C
INS 5752 A
INS 5754 C
SUB 5755 A
INS 5758 G
INS 5758 C
INS 5758 G
INS 5759 C
INS 5759 C
INS 5760 G
SUB 5762 T
SUB 5764 A
INS 5765 T
SUB 5768 T
SUB 5769 T
INS 5770 A
INS 5771 G
INS 5772 G
INS 5773 G
INS 5775 G
SUB 5776 G
SUB 5777 C
SUB 5778 T
INS 5780 T
INS 5780 T
INS 5781 G
SUB 5783 A
SUB 5784 T
SUB 5785 T
SUB 5791 C
SUB 5795 C
INS 5799 A
SUB 5801 C
SUB 5802 G
SUB 5803 C
INS 5806 T
SUB 5807 T
SUB 5808 C
SUB 5809 T
INS 5810 T
SUB 5811 T
INS 5813 A
SUB 5814 G
SUB 5815 T
INS 5818 T
INS 5819 A
DEL 5821
DEL 5822
SUB 5827 G
SUB 5828 G
SUB 5829 C
SUB 5834 G
SUB 5835 C
INS 5836 C
INS 5836 A
INS 5836 C
SUB 5841 A
INS 5842 T
INS 5842 T
SUB 5845 G
SUB 5846 G
INS 5848 G
SUB 5851 G
DEL 5853
SUB 5856 T
SUB 5859 T
INS 5860 T
INS 5860 T
INS 5862 A
INS 5862 A
INS 5863 C
SUB 5864 G
INS 5865 G
SUB 5867 G
INS 5868 A
SUB 5870 C
SUB 5871 C
DEL 5872
DEL 5875
SUB 5877 T
SUB 5879 T
INS 5880 T
SUB 5881 A
SUB 5882 A
INS 5885 G
SUB 5886 A
INS 5887 C
INS 5888 C
INS 5889 C
SUB 5890 A
INS 5893 A
INS 5894 T
INS 5895 T
INS 5897 G
INS 5899 A
INS 5901 C
INS 5902 C
INS 5902 A
INS 5902 A
INS 5903 C
INS 5905 G
INS 5906 A
SUB 5908 G
SUB 5912 T
SUB 5913 T
INS 5915 G
SUB 5916 G
SUB 5917 C
SUB 5918 G
SUB 5921 T
INS 5925 C
INS 5926 A
SUB 5927 G
SUB 5928 G
SUB 5930 A
SUB 5933 A
DEL 5935
INS 5937 G
DEL 5938
INS 5940 C
DEL 5941
SUB 5945 T
INS 5946 T
DEL 5947
INS 5951 G
INS 5952 A
SUB 5954 C
SUB 5956 T
SUB 5958 C
SUB 5959 A
INS 5962 G
INS 5962 T
INS 5962 T
INS 5963 C
INS 5963 A
INS 5964 C
INS 5965 A
SUB 5968 C
INS 5969 T
SUB 5971 G
SUB 5972 T
SUB 5977 A
SUB 5978 A
SUB 5982 C
INS 5984 G
INS 5985 G
INS 5987 A
SUB 5988 C
SUB 5989 C
DEL 5991
SUB 5994 T
INS 5995 T
INS 5995 C
DEL 5999
SUB 6001 A
INS 6003 T
SUB 6008 C
DEL 6009
INS 6012 A
SUB 6016 T
INS 6018 T
INS 6018 G
INS 6018 T
INS 6018 C
INS 6020 A
INS 6021 G
SUB 6023 G
SUB 6024 G
INS 6025 G
SUB 6027 G
INS 6028 T
INS 6028 T
DEL 6030
INS 6033 C
INS 6033 T
SUB 6037 T
DEL 6040
INS 6042 T
SUB 6043 G
INS 6045 T
INS 6046 T
SUB 6047 T
SUB 6048 T
INS 6050 T
INS 6052 A
INS 6052 A
INS 6054 A
INS 6055 T
INS 6055 T
INS 6056 A
INS 6056 A
INS 6056 T
INS 6056 A
INS 6057 T
INS 6059 T
INS 6059 T
SUB 6063 A
INS 6065 A
INS 6066 A
INS 6067 A
INS 6068 T
INS 6068 T
INS 6069 G
INS 6070 C
SUB 6071 A
SUB 6072 A
SUB 6073 A
SUB 6074 A
INS 6077 C
SUB 6078 C
INS 6079 G
INS 6080 A
INS 6085 C
INS 6085 C
INS 6085 T
INS 6086 G
INS 6086 T
INS 6087 A
INS 6087 C
INS 6087 A
INS 6087 A
INS 6087 G
INS 6089 T
INS 6092 G
INS 6092 G
INS 6092 T
INS 6092 T
INS 6094 C
INS 6094 A
INS 6095 C
INS 6096 C
INS 6096 C
SUB 6098 A
INS 6099 T
INS 6100 C
INS 6100 A
INS 6101 G
INS 6101 A
INS 6101 A
INS 6101 G
